C51 COMPILER V9.59.0.0   MAIN                                                              11/04/2020 15:15:17 PAGE 1   


C51 COMPILER V9.59.0.0, COMPILATION OF MODULE MAIN
OBJECT MODULE PLACED IN .\Objects\main.obj
COMPILER INVOKED BY: C:\Keil_v5\C51\BIN\C51.EXE main.c OPTIMIZE(8,SPEED) BROWSE DEBUG OBJECTEXTEND PRINT(.\Listings\main
                    -.lst) TABS(2) OBJECT(.\Objects\main.obj)

line level    source

   1          #include "stc15f2k60s2.h"
   2          #include "tim.h"
   3          #include "intrins.h"
   4          
   5          int num=0;
   6          int h=0;
   7          int x=0;
   8          
   9          //按键消抖
  10          void Delay20ms()    //@11.0592MHz
  11          {
  12   1        unsigned char i, j, k;
  13   1      
  14   1        _nop_();
  15   1        _nop_();
  16   1        i = 1;
  17   1        j = 216;
  18   1        k = 35;
  19   1        do
  20   1        {
  21   2          do
  22   2          {
  23   3            while (--k);
  24   3          } while (--j);
  25   2        } while (--i);
  26   1      }
  27          
  28          //定时器0
  29          void timer0() interrupt 1 
  30          {
  31   1        x++;
  32   1        if(x == 50)
  33   1        {
  34   2          P0=~(0x01<<num);
  35   2          P43=0;
  36   2        }
  37   1        else if(x==100)
  38   1        {
  39   2          P43=1;
  40   2          P0=0xff;
  41   2          x=0;
  42   2        }
  43   1      }
  44          
  45          //主函数
  46          void main(void)
  47          { 
  48   1        EX0 = 1;//边沿触发方式（下降沿）
  49   1        IT0 = 1;
  50   1        EX1 = 1;//边沿触发方式（下降沿）
  51   1        IT1 = 1;
  52   1        EA =1;//开启总中断
  53   1        
  54   1        Timer0Init();//定时器0
C51 COMPILER V9.59.0.0   MAIN                                                              11/04/2020 15:15:17 PAGE 2   

  55   1      
  56   1        while(1)
  57   1        {
  58   2          switch(h)
  59   2          {
  60   3            case 0:P0=~(0x01<<num);TR0=0;P43=1;break;
  61   3            case 1:P0=0xff;break;
  62   3            case 2:TR0=1;break;
  63   3          }
  64   2        }
  65   1      }
  66          
  67          //中断1
  68          void intr1() interrupt 2
  69          {
  70   1        num++;
  71   1        if(num>7)
  72   1        {
  73   2          num=0;
  74   2        }
  75   1      }
  76          
  77          //中断0
  78          void intr0() interrupt 0 
  79          { 
  80   1        h++;
  81   1        if(h>3)
  82   1        {
  83   2          h=0;
  84   2        }
  85   1      }


MODULE INFORMATION:   STATIC OVERLAYABLE
   CODE SIZE        =    213    ----
   CONSTANT SIZE    =   ----    ----
   XDATA SIZE       =   ----    ----
   PDATA SIZE       =   ----    ----
   DATA SIZE        =      6    ----
   IDATA SIZE       =   ----    ----
   BIT SIZE         =   ----    ----
END OF MODULE INFORMATION.


C51 COMPILATION COMPLETE.  0 WARNING(S),  0 ERROR(S)
