C51 COMPILER V9.60.0.0   MAIN                                                              01/07/2021 21:52:22 PAGE 1   


C51 COMPILER V9.60.0.0, COMPILATION OF MODULE MAIN
OBJECT MODULE PLACED IN .\Objects\main.obj
COMPILER INVOKED BY: D:\keil MDK5\C51\BIN\C51.EXE main.c OPTIMIZE(8,SPEED) BROWSE DEBUG OBJECTEXTEND PRINT(.\Listings\ma
                    -in.lst) TABS(2) OBJECT(.\Objects\main.obj)

line level    source

   1          #include "stc15f2k60s2.h"
   2          
   3          typedef unsigned int u16;
   4          typedef unsigned char u8;
   5          
   6          sbit SER=P1^6;//定义HC595引脚
   7          sbit SCK=P3^4;//定义HC595引脚
   8          sbit RCK=P1^5;//定义HC595引脚
   9          sbit EN=P1^7;//定义HC595引脚
  10          sbit DS4=P4^4;//定义位选引脚
  11          sbit DS3=P4^5;//定义位选引脚
  12          sbit DS2=P4^6;//定义位选引脚
  13          sbit DS1=P4^7;//定义位选引脚
  14          
  15          sbit K2=P3^3;//定义按键K2
  16          
  17          #define led P0
  18          
  19          u8 seg[]={0x3f,0x06,0x5b,0x4f,0x66,0x6d,0x7d,0x07};
  20          
  21          //延时函数
  22          void Delay10ms()//@11.0592MHz
  23          {
  24   1        unsigned char i, j;
  25   1      
  26   1        i = 108;
  27   1        j = 145;
  28   1        do
  29   1        {
  30   2          while (--j);
  31   2        } while (--i);
  32   1      }
  33          
  34          u8 a=0;
  35          
  36          //数码管显示功能
  37          void Seg_Disp(void)
  38          {
  39   1        u8 i,num,c;
  40   1        
  41   1        EN = 0;//消隐
  42   1        for (i=0;i<1;i++)
  43   1        {
  44   2          switch(i)//位选DS4
  45   2          {
  46   3            case 0:DS4=0;DS3=1;DS2=1;DS1=1;break;
  47   3          }
  48   2            num=seg[a];
  49   2          for(c=0;c<8;c++)//段选
  50   2          {
  51   3            SCK=0;
  52   3            SER=num&0x80;
  53   3            num=num<<1;
  54   3            SCK=1;
C51 COMPILER V9.60.0.0   MAIN                                                              01/07/2021 21:52:22 PAGE 2   

  55   3          }
  56   2          RCK=0;RCK=1;
  57   2          for(c=0;c<8;c++)//全灭清零
  58   2          {
  59   3            SCK=0;
  60   3            SER=0x00;
  61   3            SCK=1;
  62   3          }
  63   2          RCK=0;RCK=1;
  64   2        } 
  65   1      }
  66          
  67          //主函数
  68          void main()
  69          {
  70   1        led=0xfe;
  71   1        IT1 = 1;
  72   1        EX1 = 1;
  73   1        EA = 1;
  74   1        
  75   1        while(1)
  76   1        {
  77   2          Seg_Disp();
  78   2        }
  79   1      }
  80          
  81          u8 n=0;
  82          
  83          //中断1，按键功能
  84          void INT_1() interrupt 2
  85          {
  86   1        Delay10ms();//按键消抖
  87   1        if(K2==0)
  88   1        {
  89   2          if(a<=8)
  90   2          {
  91   3            led=led<<1|0x01;
  92   3            a++;
  93   3            if(a==8)
  94   3            {
  95   4              led=0xfe; 
  96   4              a=0;
  97   4            }
  98   3          }  
  99   2        }
 100   1      }


MODULE INFORMATION:   STATIC OVERLAYABLE
   CODE SIZE        =    173    ----
   CONSTANT SIZE    =   ----    ----
   XDATA SIZE       =   ----    ----
   PDATA SIZE       =   ----    ----
   DATA SIZE        =     10    ----
   IDATA SIZE       =   ----    ----
   BIT SIZE         =   ----    ----
END OF MODULE INFORMATION.


C51 COMPILATION COMPLETE.  0 WARNING(S),  0 ERROR(S)
