C51 COMPILER V9.60.0.0   MAIN                                                              12/30/2020 10:46:59 PAGE 1   


C51 COMPILER V9.60.0.0, COMPILATION OF MODULE MAIN
OBJECT MODULE PLACED IN .\Objects\main.obj
COMPILER INVOKED BY: D:\keil MDK5\C51\BIN\C51.EXE main.c OPTIMIZE(8,SPEED) BROWSE DEBUG OBJECTEXTEND PRINT(.\Listings\ma
                    -in.lst) TABS(2) OBJECT(.\Objects\main.obj)

line level    source

   1          #include <stc15f2k60s2.h>
   2          
   3          unsigned char Flag200ms;
   4          unsigned char count,i=0;
   5          
   6          void Timer0Init(void)   //1毫秒@11.0592MHz
   7          {
   8   1        AUXR &= 0x7F;   //定时器时钟12T模式
   9   1        TMOD &= 0xF0;   //设置定时器模式
  10   1        TL0 = 0x66;   //设置定时初值
  11   1        TH0 = 0xFC;   //设置定时初值
  12   1        TF0 = 0;    //清除TF0标志
  13   1        TR0 = 1;    //定时器0开始计时
  14   1        ET0 = 1;
  15   1        EA = 1;
  16   1      }
  17          
  18          void main()
  19          {
  20   1        Timer0Init();
  21   1        
  22   1        while(1)
  23   1        {
  24   2        }
  25   1      }
  26          
  27          void tim0() interrupt 1
  28          {
  29   1        if(++count==200)
  30   1        {
  31   2          P0=~(0x01<<i);
  32   2          if(++i==8)i=0;
  33   2          count=0;
  34   2        }
  35   1      }


MODULE INFORMATION:   STATIC OVERLAYABLE
   CODE SIZE        =     82    ----
   CONSTANT SIZE    =   ----    ----
   XDATA SIZE       =   ----    ----
   PDATA SIZE       =   ----    ----
   DATA SIZE        =      3    ----
   IDATA SIZE       =   ----    ----
   BIT SIZE         =   ----    ----
END OF MODULE INFORMATION.


C51 COMPILATION COMPLETE.  0 WARNING(S),  0 ERROR(S)
