C51 COMPILER V9.60.0.0   MAIN                                                              12/31/2020 08:51:33 PAGE 1   


C51 COMPILER V9.60.0.0, COMPILATION OF MODULE MAIN
OBJECT MODULE PLACED IN .\Objects\main.obj
COMPILER INVOKED BY: D:\keil MDK5\C51\BIN\C51.EXE main.c OPTIMIZE(8,SPEED) BROWSE DEBUG OBJECTEXTEND PRINT(.\Listings\ma
                    -in.lst) TABS(2) OBJECT(.\Objects\main.obj)

line level    source

   1          #include <stc15f2k60s2.h>
   2          #include <intrins.h>
   3          
   4          unsigned char keyval;
   5          
   6          sbit k1=P3^2;//定义按键k1
   7          
   8          void Delay10ms()    //@11.0592MHz
   9          {
  10   1        unsigned char i, j;
  11   1      
  12   1        i = 108;
  13   1        j = 145;
  14   1        do
  15   1        {
  16   2          while (--j);
  17   2        } while (--i);
  18   1      }
  19          
  20          //中断0
  21          void intr0(void) interrupt 0 
  22          {
  23   1        Delay10ms();//按键消抖
  24   1        
  25   1        if(k1 == 0)
  26   1        {
  27   2          unsigned char i;
  28   2          
  29   2          switch(i)//判断按键键值
  30   2          {
  31   3            case 0:keyval=1;break;
  32   3            case 1:keyval=2;break;
  33   3            case 2:keyval=3;break;
  34   3            case 3:keyval=4;break;
  35   3            case 4:keyval=5;break;
  36   3            case 5:keyval=6;break;
  37   3            case 6:keyval=7;break;
  38   3            case 7:keyval=0;break;
  39   3          }
  40   2          i++;
  41   2          if(i==8)i=0;
  42   2        }
  43   1      }
  44          
  45          //主函数
  46          void main(void)
  47          {
  48   1        EX0 = 1;//边沿触发方式（下降沿）
  49   1        IT0 = 1;
  50   1        EA =1;//开启总中断
  51   1        
  52   1        while(1)
  53   1        {
  54   2          P0=~(0x01<<keyval);//按一下流水灯移动一位，方向为LED1~LED8
C51 COMPILER V9.60.0.0   MAIN                                                              12/31/2020 08:51:33 PAGE 2   

  55   2        }
  56   1      }


MODULE INFORMATION:   STATIC OVERLAYABLE
   CODE SIZE        =    157    ----
   CONSTANT SIZE    =   ----    ----
   XDATA SIZE       =   ----    ----
   PDATA SIZE       =   ----    ----
   DATA SIZE        =      1       1
   IDATA SIZE       =   ----    ----
   BIT SIZE         =   ----    ----
END OF MODULE INFORMATION.


C51 COMPILATION COMPLETE.  0 WARNING(S),  0 ERROR(S)
